<?xml version="1.0" encoding="UTF-8"?>
<!-- Generated by org.testng.reporters.JUnitXMLReporter -->
<testsuite ignored="0" hostname="DESKTOP-J2H0F2Q" failures="0" tests="4" name="Test" time="0.098" errors="0" timestamp="2021-07-25T22:03:27 IST">
  <testcase classname="QAanand.MavenJava.RestAPI" name="deleteTwitter" time="0.007"/>
  <testcase classname="QAanand.MavenJava.RestAPI" name="postJira" time="0.001"/>
  <testcase classname="QAanand.MavenJava.SeleniumTest" name="BrowserAutomation" time="0.002"/>
  <testcase classname="QAanand.MavenJava.SeleniumTest" name="elementsUI" time="0.0"/>
</testsuite> <!-- Test -->
