<?xml version="1.0" encoding="UTF-8"?>
<testng-results ignored="0" total="4" passed="4" failed="0" skipped="0">
  <reporter-output>
  </reporter-output>
  <suite started-at="2021-07-25T22:03:27 IST" name="Suite" finished-at="2021-07-25T22:03:27 IST" duration-ms="98">
    <groups>
    </groups>
    <test started-at="2021-07-25T22:03:27 IST" name="Test" finished-at="2021-07-25T22:03:27 IST" duration-ms="98">
      <class name="QAanand.MavenJava.SeleniumTest">
        <test-method signature="BrowserAutomation()[pri:0, instance:QAanand.MavenJava.SeleniumTest@503d687a]" started-at="2021-07-25T22:03:27 IST" name="BrowserAutomation" finished-at="2021-07-25T22:03:27 IST" duration-ms="2" status="PASS">
          <reporter-output>
          </reporter-output>
        </test-method> <!-- BrowserAutomation -->
        <test-method signature="elementsUI()[pri:0, instance:QAanand.MavenJava.SeleniumTest@503d687a]" started-at="2021-07-25T22:03:27 IST" name="elementsUI" finished-at="2021-07-25T22:03:27 IST" duration-ms="0" status="PASS">
          <reporter-output>
          </reporter-output>
        </test-method> <!-- elementsUI -->
      </class> <!-- QAanand.MavenJava.SeleniumTest -->
      <class name="QAanand.MavenJava.RestAPI">
        <test-method signature="deleteTwitter()[pri:0, instance:QAanand.MavenJava.RestAPI@152aa092]" started-at="2021-07-25T22:03:27 IST" name="deleteTwitter" finished-at="2021-07-25T22:03:27 IST" duration-ms="7" status="PASS">
          <reporter-output>
          </reporter-output>
        </test-method> <!-- deleteTwitter -->
        <test-method signature="postJira()[pri:0, instance:QAanand.MavenJava.RestAPI@152aa092]" started-at="2021-07-25T22:03:27 IST" name="postJira" finished-at="2021-07-25T22:03:27 IST" duration-ms="1" status="PASS">
          <reporter-output>
          </reporter-output>
        </test-method> <!-- postJira -->
      </class> <!-- QAanand.MavenJava.RestAPI -->
    </test> <!-- Test -->
  </suite> <!-- Suite -->
</testng-results>
